<?xml version="1.0" encoding="UTF-8"?>
<!-- Generated by org.testng.reporters.JUnitXMLReporter -->
<testsuite hostname="XILP-IND-3152" name="Default test" tests="3" failures="0" timestamp="10 Aug 2018 14:46:20 GMT" time="103.726" errors="0">
  <testcase name="SuiteOneCaseTwoTest" time="91.067" classname="SuiteOne.TC004"/>
  <testcase name="SuiteOneCaseTwoTest" time="0.0" classname="SuiteOne.TC004">
    <skipped/>
  </testcase> <!-- SuiteOneCaseTwoTest -->
  <testcase name="SuiteOneCaseTwoTest" time="0.004" classname="SuiteOne.TC004">
    <skipped/>
  </testcase> <!-- SuiteOneCaseTwoTest -->
</testsuite> <!-- Default test -->
