<?xml version="1.0" encoding="UTF-8"?>
<!-- Generated by org.testng.reporters.JUnitXMLReporter -->
<testsuite hostname="XILP-IND-3152" name="Default test" tests="3" failures="0" timestamp="24 Aug 2018 08:05:38 GMT" time="381.526" errors="0">
  <testcase name="SuiteOneCaseTwoTest" time="369.343" classname="SuiteOne.TC010"/>
  <testcase name="SuiteOneCaseTwoTest" time="0.033" classname="SuiteOne.TC010">
    <skipped/>
  </testcase> <!-- SuiteOneCaseTwoTest -->
  <testcase name="SuiteOneCaseTwoTest" time="0.006" classname="SuiteOne.TC010">
    <skipped/>
  </testcase> <!-- SuiteOneCaseTwoTest -->
</testsuite> <!-- Default test -->
