<?xml version="1.0" encoding="UTF-8"?>
<!-- Generated by org.testng.reporters.JUnitXMLReporter -->
<testsuite hostname="xidp-ind-apt047" name="TestCase 032" tests="8" failures="2" timestamp="31 Jul 2017 13:55:40 GMT" time="126.572" errors="0">
  <testcase name="SuiteOneCaseTwoTest" time="64.202" classname="com.XIPL.SuiteTwo.TC032">
    <failure type="java.lang.NullPointerException">
      <![CDATA[java.lang.NullPointerException
	at com.XIPL.SuiteTwo.TC032.SuiteOneCaseTwoTest(TC032.java:283)
... Removed 24 stack frames]]>
    </failure>
  </testcase> <!-- SuiteOneCaseTwoTest -->
  <testcase name="SuiteOneCaseTwoTest" time="62.135" classname="com.XIPL.SuiteTwo.TC032">
    <failure type="java.lang.NullPointerException">
      <![CDATA[java.lang.NullPointerException
	at com.XIPL.SuiteTwo.TC032.SuiteOneCaseTwoTest(TC032.java:283)
... Removed 24 stack frames]]>
    </failure>
  </testcase> <!-- SuiteOneCaseTwoTest -->
  <testcase name="SuiteOneCaseTwoTest" time="0.0" classname="com.XIPL.SuiteTwo.TC032">
    <skipped/>
  </testcase> <!-- SuiteOneCaseTwoTest -->
  <testcase name="SuiteOneCaseTwoTest" time="0.002" classname="com.XIPL.SuiteTwo.TC032">
    <skipped/>
  </testcase> <!-- SuiteOneCaseTwoTest -->
  <testcase name="SuiteOneCaseTwoTest" time="0.001" classname="com.XIPL.SuiteTwo.TC032">
    <skipped/>
  </testcase> <!-- SuiteOneCaseTwoTest -->
  <testcase name="SuiteOneCaseTwoTest" time="0.001" classname="com.XIPL.SuiteTwo.TC032">
    <skipped/>
  </testcase> <!-- SuiteOneCaseTwoTest -->
  <testcase name="SuiteOneCaseTwoTest" time="0.001" classname="com.XIPL.SuiteTwo.TC032">
    <skipped/>
  </testcase> <!-- SuiteOneCaseTwoTest -->
  <testcase name="SuiteOneCaseTwoTest" time="0.004" classname="com.XIPL.SuiteTwo.TC032">
    <skipped/>
  </testcase> <!-- SuiteOneCaseTwoTest -->
</testsuite> <!-- TestCase 032 -->
