<?xml version="1.0" encoding="UTF-8"?>
<!-- Generated by org.testng.reporters.JUnitXMLReporter -->
<testsuite hostname="xidp-ind-apt047" name="TestCase 020" tests="5" failures="0" timestamp="17 Aug 2017 07:18:08 GMT" time="66.321" errors="0">
  <testcase name="SuiteOneCaseTwoTest" time="25.396" classname="com.XIPL.SuiteOne.TC020"/>
  <testcase name="SuiteOneCaseTwoTest" time="0.001" classname="com.XIPL.SuiteOne.TC020">
    <skipped/>
  </testcase> <!-- SuiteOneCaseTwoTest -->
  <testcase name="SuiteOneCaseTwoTest" time="0.0" classname="com.XIPL.SuiteOne.TC020">
    <skipped/>
  </testcase> <!-- SuiteOneCaseTwoTest -->
  <testcase name="SuiteOneCaseTwoTest" time="40.613" classname="com.XIPL.SuiteOne.TC020"/>
  <testcase name="SuiteOneCaseTwoTest" time="0.001" classname="com.XIPL.SuiteOne.TC020">
    <skipped/>
  </testcase> <!-- SuiteOneCaseTwoTest -->
</testsuite> <!-- TestCase 020 -->
