<?xml version="1.0" encoding="UTF-8"?>
<!-- Generated by org.testng.reporters.JUnitXMLReporter -->
<testsuite hostname="xidp-ind-apt047" name="TestCase 036" tests="8" failures="1" timestamp="31 Jul 2017 14:02:33 GMT" time="84.738" errors="0">
  <testcase name="SuiteOneCaseTwoTest" time="84.584" classname="com.XIPL.SuiteTwo.TC036">
    <failure type="java.lang.NullPointerException">
      <![CDATA[java.lang.NullPointerException
	at com.XIPL.SuiteTwo.TC036.SuiteOneCaseTwoTest(TC036.java:272)
... Removed 24 stack frames]]>
    </failure>
  </testcase> <!-- SuiteOneCaseTwoTest -->
  <testcase name="SuiteOneCaseTwoTest" time="0.001" classname="com.XIPL.SuiteTwo.TC036">
    <skipped/>
  </testcase> <!-- SuiteOneCaseTwoTest -->
  <testcase name="SuiteOneCaseTwoTest" time="0.0" classname="com.XIPL.SuiteTwo.TC036">
    <skipped/>
  </testcase> <!-- SuiteOneCaseTwoTest -->
  <testcase name="SuiteOneCaseTwoTest" time="0.001" classname="com.XIPL.SuiteTwo.TC036">
    <skipped/>
  </testcase> <!-- SuiteOneCaseTwoTest -->
  <testcase name="SuiteOneCaseTwoTest" time="0.001" classname="com.XIPL.SuiteTwo.TC036">
    <skipped/>
  </testcase> <!-- SuiteOneCaseTwoTest -->
  <testcase name="SuiteOneCaseTwoTest" time="0.0" classname="com.XIPL.SuiteTwo.TC036">
    <skipped/>
  </testcase> <!-- SuiteOneCaseTwoTest -->
  <testcase name="SuiteOneCaseTwoTest" time="0.0" classname="com.XIPL.SuiteTwo.TC036">
    <skipped/>
  </testcase> <!-- SuiteOneCaseTwoTest -->
  <testcase name="SuiteOneCaseTwoTest" time="0.001" classname="com.XIPL.SuiteTwo.TC036">
    <skipped/>
  </testcase> <!-- SuiteOneCaseTwoTest -->
</testsuite> <!-- TestCase 036 -->
