<?xml version="1.0" encoding="UTF-8"?>
<!-- Generated by org.testng.reporters.JUnitXMLReporter -->
<testsuite hostname="xidp-ind-apt047" name="TestCase 038" tests="10" failures="2" timestamp="31 Jul 2017 14:06:29 GMT" time="126.286" errors="0">
  <testcase name="SuiteOneCaseTwoTest" time="62.68" classname="com.XIPL.SuiteTwo.TC038">
    <failure type="java.lang.NullPointerException">
      <![CDATA[java.lang.NullPointerException
	at com.XIPL.SuiteTwo.TC038.SuiteOneCaseTwoTest(TC038.java:310)
... Removed 24 stack frames]]>
    </failure>
  </testcase> <!-- SuiteOneCaseTwoTest -->
  <testcase name="SuiteOneCaseTwoTest" time="63.391" classname="com.XIPL.SuiteTwo.TC038">
    <failure type="java.lang.NullPointerException">
      <![CDATA[java.lang.NullPointerException
	at com.XIPL.SuiteTwo.TC038.SuiteOneCaseTwoTest(TC038.java:310)
... Removed 24 stack frames]]>
    </failure>
  </testcase> <!-- SuiteOneCaseTwoTest -->
  <testcase name="SuiteOneCaseTwoTest" time="0.001" classname="com.XIPL.SuiteTwo.TC038">
    <skipped/>
  </testcase> <!-- SuiteOneCaseTwoTest -->
  <testcase name="SuiteOneCaseTwoTest" time="0.0" classname="com.XIPL.SuiteTwo.TC038">
    <skipped/>
  </testcase> <!-- SuiteOneCaseTwoTest -->
  <testcase name="SuiteOneCaseTwoTest" time="0.001" classname="com.XIPL.SuiteTwo.TC038">
    <skipped/>
  </testcase> <!-- SuiteOneCaseTwoTest -->
  <testcase name="SuiteOneCaseTwoTest" time="0.0" classname="com.XIPL.SuiteTwo.TC038">
    <skipped/>
  </testcase> <!-- SuiteOneCaseTwoTest -->
  <testcase name="SuiteOneCaseTwoTest" time="0.0" classname="com.XIPL.SuiteTwo.TC038">
    <skipped/>
  </testcase> <!-- SuiteOneCaseTwoTest -->
  <testcase name="SuiteOneCaseTwoTest" time="0.001" classname="com.XIPL.SuiteTwo.TC038">
    <skipped/>
  </testcase> <!-- SuiteOneCaseTwoTest -->
  <testcase name="SuiteOneCaseTwoTest" time="0.001" classname="com.XIPL.SuiteTwo.TC038">
    <skipped/>
  </testcase> <!-- SuiteOneCaseTwoTest -->
  <testcase name="SuiteOneCaseTwoTest" time="0.001" classname="com.XIPL.SuiteTwo.TC038">
    <skipped/>
  </testcase> <!-- SuiteOneCaseTwoTest -->
</testsuite> <!-- TestCase 038 -->
