<?xml version="1.0" encoding="UTF-8"?>
<!-- Generated by org.testng.reporters.JUnitXMLReporter -->
<testsuite hostname="xidp-ind-apt047" name="TestCase 030" tests="8" failures="1" timestamp="31 Jul 2017 13:51:20 GMT" time="518.073" errors="0">
  <testcase name="SuiteOneCaseTwoTest" time="105.899" classname="com.XIPL.SuiteTwo.TC030">
    <failure type="java.lang.NullPointerException">
      <![CDATA[java.lang.NullPointerException
	at com.XIPL.SuiteTwo.TC030.SuiteOneCaseTwoTest(TC030.java:172)
... Removed 24 stack frames]]>
    </failure>
  </testcase> <!-- SuiteOneCaseTwoTest -->
  <testcase name="SuiteOneCaseTwoTest" time="56.957" classname="com.XIPL.SuiteTwo.TC030"/>
  <testcase name="SuiteOneCaseTwoTest" time="57.376" classname="com.XIPL.SuiteTwo.TC030"/>
  <testcase name="SuiteOneCaseTwoTest" time="58.43" classname="com.XIPL.SuiteTwo.TC030"/>
  <testcase name="SuiteOneCaseTwoTest" time="62.74" classname="com.XIPL.SuiteTwo.TC030"/>
  <testcase name="SuiteOneCaseTwoTest" time="57.397" classname="com.XIPL.SuiteTwo.TC030"/>
  <testcase name="SuiteOneCaseTwoTest" time="60.096" classname="com.XIPL.SuiteTwo.TC030"/>
  <testcase name="SuiteOneCaseTwoTest" time="58.968" classname="com.XIPL.SuiteTwo.TC030"/>
</testsuite> <!-- TestCase 030 -->
