<?xml version="1.0" encoding="UTF-8"?>
<!-- Generated by org.testng.reporters.JUnitXMLReporter -->
<testsuite hostname="xidp-ind-apt047" name="TestCase 047" tests="8" failures="0" timestamp="17 Aug 2017 07:36:59 GMT" time="181.77" errors="0">
  <testcase name="SuiteOneCaseTwoTest" time="92.178" classname="com.XIPL.SuiteOne.TC047"/>
  <testcase name="SuiteOneCaseTwoTest" time="89.394" classname="com.XIPL.SuiteOne.TC047"/>
  <testcase name="SuiteOneCaseTwoTest" time="0.001" classname="com.XIPL.SuiteOne.TC047">
    <skipped/>
  </testcase> <!-- SuiteOneCaseTwoTest -->
  <testcase name="SuiteOneCaseTwoTest" time="0.001" classname="com.XIPL.SuiteOne.TC047">
    <skipped/>
  </testcase> <!-- SuiteOneCaseTwoTest -->
  <testcase name="SuiteOneCaseTwoTest" time="0.0" classname="com.XIPL.SuiteOne.TC047">
    <skipped/>
  </testcase> <!-- SuiteOneCaseTwoTest -->
  <testcase name="SuiteOneCaseTwoTest" time="0.001" classname="com.XIPL.SuiteOne.TC047">
    <skipped/>
  </testcase> <!-- SuiteOneCaseTwoTest -->
  <testcase name="SuiteOneCaseTwoTest" time="0.0" classname="com.XIPL.SuiteOne.TC047">
    <skipped/>
  </testcase> <!-- SuiteOneCaseTwoTest -->
  <testcase name="SuiteOneCaseTwoTest" time="0.0" classname="com.XIPL.SuiteOne.TC047">
    <skipped/>
  </testcase> <!-- SuiteOneCaseTwoTest -->
</testsuite> <!-- TestCase 047 -->
