<?xml version="1.0" encoding="UTF-8"?>
<!-- Generated by org.testng.reporters.JUnitXMLReporter -->
<testsuite hostname="xidp-ind-apt047" name="TestCase 043" tests="8" failures="0" timestamp="17 Aug 2017 07:22:57 GMT" time="256.538" errors="0">
  <testcase name="SuiteOneCaseTwoTest" time="172.394" classname="com.XIPL.SuiteOne.TC043"/>
  <testcase name="SuiteOneCaseTwoTest" time="83.936" classname="com.XIPL.SuiteOne.TC043"/>
  <testcase name="SuiteOneCaseTwoTest" time="0.001" classname="com.XIPL.SuiteOne.TC043">
    <skipped/>
  </testcase> <!-- SuiteOneCaseTwoTest -->
  <testcase name="SuiteOneCaseTwoTest" time="0.0" classname="com.XIPL.SuiteOne.TC043">
    <skipped/>
  </testcase> <!-- SuiteOneCaseTwoTest -->
  <testcase name="SuiteOneCaseTwoTest" time="0.0" classname="com.XIPL.SuiteOne.TC043">
    <skipped/>
  </testcase> <!-- SuiteOneCaseTwoTest -->
  <testcase name="SuiteOneCaseTwoTest" time="0.001" classname="com.XIPL.SuiteOne.TC043">
    <skipped/>
  </testcase> <!-- SuiteOneCaseTwoTest -->
  <testcase name="SuiteOneCaseTwoTest" time="0.0" classname="com.XIPL.SuiteOne.TC043">
    <skipped/>
  </testcase> <!-- SuiteOneCaseTwoTest -->
  <testcase name="SuiteOneCaseTwoTest" time="0.001" classname="com.XIPL.SuiteOne.TC043">
    <skipped/>
  </testcase> <!-- SuiteOneCaseTwoTest -->
</testsuite> <!-- TestCase 043 -->
