<?xml version="1.0" encoding="UTF-8"?>
<!-- Generated by org.testng.reporters.JUnitXMLReporter -->
<testsuite hostname="xidp-ind-apt047" name="TestCase 031" tests="8" failures="2" timestamp="31 Jul 2017 13:53:32 GMT" time="132.287" errors="0">
  <testcase name="SuiteOneCaseTwoTest" time="68.872" classname="com.XIPL.SuiteTwo.TC031">
    <failure type="java.lang.NullPointerException">
      <![CDATA[java.lang.NullPointerException
	at com.XIPL.SuiteTwo.TC031.SuiteOneCaseTwoTest(TC031.java:292)
... Removed 24 stack frames]]>
    </failure>
  </testcase> <!-- SuiteOneCaseTwoTest -->
  <testcase name="SuiteOneCaseTwoTest" time="63.159" classname="com.XIPL.SuiteTwo.TC031">
    <failure type="java.lang.NullPointerException">
      <![CDATA[java.lang.NullPointerException
	at com.XIPL.SuiteTwo.TC031.SuiteOneCaseTwoTest(TC031.java:292)
... Removed 24 stack frames]]>
    </failure>
  </testcase> <!-- SuiteOneCaseTwoTest -->
  <testcase name="SuiteOneCaseTwoTest" time="0.001" classname="com.XIPL.SuiteTwo.TC031">
    <skipped/>
  </testcase> <!-- SuiteOneCaseTwoTest -->
  <testcase name="SuiteOneCaseTwoTest" time="0.0" classname="com.XIPL.SuiteTwo.TC031">
    <skipped/>
  </testcase> <!-- SuiteOneCaseTwoTest -->
  <testcase name="SuiteOneCaseTwoTest" time="0.001" classname="com.XIPL.SuiteTwo.TC031">
    <skipped/>
  </testcase> <!-- SuiteOneCaseTwoTest -->
  <testcase name="SuiteOneCaseTwoTest" time="0.001" classname="com.XIPL.SuiteTwo.TC031">
    <skipped/>
  </testcase> <!-- SuiteOneCaseTwoTest -->
  <testcase name="SuiteOneCaseTwoTest" time="0.002" classname="com.XIPL.SuiteTwo.TC031">
    <skipped/>
  </testcase> <!-- SuiteOneCaseTwoTest -->
  <testcase name="SuiteOneCaseTwoTest" time="0.001" classname="com.XIPL.SuiteTwo.TC031">
    <skipped/>
  </testcase> <!-- SuiteOneCaseTwoTest -->
</testsuite> <!-- TestCase 031 -->
