<?xml version="1.0" encoding="UTF-8"?>
<!-- Generated by org.testng.reporters.JUnitXMLReporter -->
<testsuite hostname="xidp-ind-apt047" name="TestCase 024" tests="2" failures="2" timestamp="24 May 2017 13:53:52 GMT" time="61.369" errors="0">
  <testcase name="SuiteOneCaseTwoTest" time="30.665" classname="com.XIPL.SuiteTwo.TC024">
    <failure type="java.lang.NullPointerException">
      <![CDATA[java.lang.NullPointerException
	at com.XIPL.SuiteTwo.TC024.SuiteOneCaseTwoTest(TC024.java:209)
... Removed 24 stack frames]]>
    </failure>
  </testcase> <!-- SuiteOneCaseTwoTest -->
  <testcase name="SuiteOneCaseTwoTest" time="30.568" classname="com.XIPL.SuiteTwo.TC024">
    <failure type="java.lang.NullPointerException">
      <![CDATA[java.lang.NullPointerException
	at com.XIPL.SuiteTwo.TC024.SuiteOneCaseTwoTest(TC024.java:209)
... Removed 24 stack frames]]>
    </failure>
  </testcase> <!-- SuiteOneCaseTwoTest -->
</testsuite> <!-- TestCase 024 -->
