<?xml version="1.0" encoding="UTF-8"?>
<testng-results skipped="2" failed="0" total="3" passed="1">
  <reporter-output>
  </reporter-output>
  <suite name="Default suite" duration-ms="103726" started-at="2018-08-10T14:44:37Z" finished-at="2018-08-10T14:46:20Z">
    <groups>
    </groups>
    <test name="Default test" duration-ms="103726" started-at="2018-08-10T14:44:37Z" finished-at="2018-08-10T14:46:20Z">
      <class name="SuiteOne.TC004">
        <test-method status="PASS" signature="checkSuiteToRun()[pri:0, instance:SuiteOne.TC004@13deb50e]" name="checkSuiteToRun" is-config="true" duration-ms="1487" started-at="2018-08-10T20:14:35Z" finished-at="2018-08-10T20:14:37Z">
          <reporter-output>
          </reporter-output>
        </test-method> <!-- checkSuiteToRun -->
        <test-method status="PASS" signature="checkCaseToRun()[pri:0, instance:SuiteOne.TC004@13deb50e]" name="checkCaseToRun" is-config="true" duration-ms="11113" started-at="2018-08-10T20:14:37Z" finished-at="2018-08-10T20:14:48Z">
          <reporter-output>
          </reporter-output>
        </test-method> <!-- checkCaseToRun -->
        <test-method status="PASS" signature="SuiteOneCaseTwoTest(java.lang.String, java.lang.String, java.lang.String, java.lang.String, java.lang.String, java.lang.String, java.lang.String, java.lang.String, java.lang.String, java.lang.String, java.lang.String, java.lang.String, java.lang.String, java.lang.String, java.lang.String, java.lang.String, java.lang.String, java.lang.String, java.lang.String, java.lang.String, java.lang.String, java.lang.String, java.lang.String, java.lang.String, java.lang.String, java.lang.String, java.lang.String, java.lang.String, java.lang.String, java.lang.String, java.lang.String, java.lang.String, java.lang.String, java.lang.String, java.lang.String, java.lang.String, java.lang.String, java.lang.String, java.lang.String, java.lang.String, java.lang.String, java.lang.String, java.lang.String, java.lang.String, java.lang.String, java.lang.String, java.lang.String, java.lang.String, java.lang.String)[pri:0, instance:SuiteOne.TC004@13deb50e]" name="SuiteOneCaseTwoTest" duration-ms="91067" started-at="2018-08-10T20:14:48Z" data-provider="TestData" finished-at="2018-08-10T20:16:19Z">
          <params>
            <param index="0">
              <value>
                <![CDATA[durga@26july.com]]>
              </value>
            </param>
            <param index="1">
              <value>
                <![CDATA[durga123]]>
              </value>
            </param>
            <param index="2">
              <value>
                <![CDATA[hammersmith]]>
              </value>
            </param>
            <param index="3">
              <value>
                <![CDATA[Alabama]]>
              </value>
            </param>
            <param index="4">
              <value>
                <![CDATA[Optometry]]>
              </value>
            </param>
            <param index="5">
              <value>
                <![CDATA[Acute Critical Care]]>
              </value>
            </param>
            <param index="6">
              <value>
                <![CDATA[]]>
              </value>
            </param>
            <param index="7">
              <value>
                <![CDATA[]]>
              </value>
            </param>
            <param index="8">
              <value>
                <![CDATA[Student]]>
              </value>
            </param>
            <param index="9">
              <value>
                <![CDATA[No]]>
              </value>
            </param>
            <param index="10">
              <value>
                <![CDATA[Occurrence]]>
              </value>
            </param>
            <param index="11">
              <value>
                <![CDATA[43248]]>
              </value>
            </param>
            <param index="12">
              <value>
                <![CDATA[June]]>
              </value>
            </param>
            <param index="13">
              <value>
                <![CDATA[2019]]>
              </value>
            </param>
            <param index="14">
              <value>
                <![CDATA[Yes]]>
              </value>
            </param>
            <param index="15">
              <value>
                <![CDATA[June]]>
              </value>
            </param>
            <param index="16">
              <value>
                <![CDATA[2017]]>
              </value>
            </param>
            <param index="17">
              <value>
                <![CDATA[1]]>
              </value>
            </param>
            <param index="18">
              <value>
                <![CDATA[No]]>
              </value>
            </param>
            <param index="19">
              <value>
                <![CDATA[3]]>
              </value>
            </param>
            <param index="20">
              <value>
                <![CDATA[No]]>
              </value>
            </param>
            <param index="21">
              <value>
                <![CDATA[43248]]>
              </value>
            </param>
            <param index="22">
              <value>
                <![CDATA[Yes]]>
              </value>
            </param>
            <param index="23">
              <value>
                <![CDATA[Deepak]]>
              </value>
            </param>
            <param index="24">
              <value>
                <![CDATA[Sharma]]>
              </value>
            </param>
            <param index="25">
              <value>
                <![CDATA[test]]>
              </value>
            </param>
            <param index="26">
              <value>
                <![CDATA[Doctor]]>
              </value>
            </param>
            <param index="27">
              <value>
                <![CDATA[Signature Towers]]>
              </value>
            </param>
            <param index="28">
              <value>
                <![CDATA[Gurgaon]]>
              </value>
            </param>
            <param index="29">
              <value>
                <![CDATA[AZ]]>
              </value>
            </param>
            <param index="30">
              <value>
                <![CDATA[85258]]>
              </value>
            </param>
            <param index="31">
              <value>
                <![CDATA[Mobile]]>
              </value>
            </param>
            <param index="32">
              <value>
                <![CDATA[9876543210]]>
              </value>
            </param>
            <param index="33">
              <value>
                <![CDATA[Home]]>
              </value>
            </param>
            <param index="34">
              <value>
                <![CDATA[1234567894]]>
              </value>
            </param>
            <param index="35">
              <value>
                <![CDATA[One Time Payment]]>
              </value>
            </param>
            <param index="36">
              <value>
                <![CDATA[User]]>
              </value>
            </param>
            <param index="37">
              <value>
                <![CDATA[4111111111111111]]>
              </value>
            </param>
            <param index="38">
              <value>
                <![CDATA[123]]>
              </value>
            </param>
            <param index="39">
              <value>
                <![CDATA[1122]]>
              </value>
            </param>
            <param index="40">
              <value>
                <![CDATA[Derryn]]>
              </value>
            </param>
            <param index="41">
              <value>
                <![CDATA[Zwart]]>
              </value>
            </param>
            <param index="42">
              <value>
                <![CDATA[Bevis Marks]]>
              </value>
            </param>
            <param index="43">
              <value>
                <![CDATA[Boston]]>
              </value>
            </param>
            <param index="44">
              <value>
                <![CDATA[MA]]>
              </value>
            </param>
            <param index="45">
              <value>
                <![CDATA[23110]]>
              </value>
            </param>
            <param index="46">
              <value>
                <![CDATA[47-QAA-004551-01]]>
              </value>
            </param>
            <param index="47">
              <value>
                <![CDATA[]]>
              </value>
            </param>
            <param index="48">
              <value>
                <![CDATA[C:\Users\deepak.sharma1\Downloads\Derryn Zwart_47-QAA-004550-01_Policy (1).pdf]]>
              </value>
            </param>
          </params>
          <reporter-output>
          </reporter-output>
        </test-method> <!-- SuiteOneCaseTwoTest -->
        <test-method status="PASS" signature="reporterDataResults()[pri:0, instance:SuiteOne.TC004@13deb50e]" name="reporterDataResults" is-config="true" duration-ms="412" started-at="2018-08-10T20:16:19Z" finished-at="2018-08-10T20:16:19Z">
          <reporter-output>
          </reporter-output>
        </test-method> <!-- reporterDataResults -->
        <test-method status="SKIP" signature="SuiteOneCaseTwoTest(java.lang.String, java.lang.String, java.lang.String, java.lang.String, java.lang.String, java.lang.String, java.lang.String, java.lang.String, java.lang.String, java.lang.String, java.lang.String, java.lang.String, java.lang.String, java.lang.String, java.lang.String, java.lang.String, java.lang.String, java.lang.String, java.lang.String, java.lang.String, java.lang.String, java.lang.String, java.lang.String, java.lang.String, java.lang.String, java.lang.String, java.lang.String, java.lang.String, java.lang.String, java.lang.String, java.lang.String, java.lang.String, java.lang.String, java.lang.String, java.lang.String, java.lang.String, java.lang.String, java.lang.String, java.lang.String, java.lang.String, java.lang.String, java.lang.String, java.lang.String, java.lang.String, java.lang.String, java.lang.String, java.lang.String, java.lang.String, java.lang.String)[pri:0, instance:SuiteOne.TC004@13deb50e]" name="SuiteOneCaseTwoTest" duration-ms="0" started-at="2018-08-10T20:16:19Z" data-provider="TestData" finished-at="2018-08-10T20:16:19Z">
          <params>
            <param index="0">
              <value>
                <![CDATA[durga@26july.com]]>
              </value>
            </param>
            <param index="1">
              <value>
                <![CDATA[durga123]]>
              </value>
            </param>
            <param index="2">
              <value>
                <![CDATA[hammersmith]]>
              </value>
            </param>
            <param index="3">
              <value>
                <![CDATA[Alabama]]>
              </value>
            </param>
            <param index="4">
              <value>
                <![CDATA[Optometry]]>
              </value>
            </param>
            <param index="5">
              <value>
                <![CDATA[Acute Critical Care]]>
              </value>
            </param>
            <param index="6">
              <value>
                <![CDATA[]]>
              </value>
            </param>
            <param index="7">
              <value>
                <![CDATA[]]>
              </value>
            </param>
            <param index="8">
              <value>
                <![CDATA[Student]]>
              </value>
            </param>
            <param index="9">
              <value>
                <![CDATA[No]]>
              </value>
            </param>
            <param index="10">
              <value>
                <![CDATA[Occurrence]]>
              </value>
            </param>
            <param index="11">
              <value>
                <![CDATA[43248]]>
              </value>
            </param>
            <param index="12">
              <value>
                <![CDATA[June]]>
              </value>
            </param>
            <param index="13">
              <value>
                <![CDATA[2019]]>
              </value>
            </param>
            <param index="14">
              <value>
                <![CDATA[Yes]]>
              </value>
            </param>
            <param index="15">
              <value>
                <![CDATA[June]]>
              </value>
            </param>
            <param index="16">
              <value>
                <![CDATA[2017]]>
              </value>
            </param>
            <param index="17">
              <value>
                <![CDATA[1]]>
              </value>
            </param>
            <param index="18">
              <value>
                <![CDATA[No]]>
              </value>
            </param>
            <param index="19">
              <value>
                <![CDATA[3]]>
              </value>
            </param>
            <param index="20">
              <value>
                <![CDATA[No]]>
              </value>
            </param>
            <param index="21">
              <value>
                <![CDATA[43248]]>
              </value>
            </param>
            <param index="22">
              <value>
                <![CDATA[Yes]]>
              </value>
            </param>
            <param index="23">
              <value>
                <![CDATA[Deepak]]>
              </value>
            </param>
            <param index="24">
              <value>
                <![CDATA[Sharma]]>
              </value>
            </param>
            <param index="25">
              <value>
                <![CDATA[test]]>
              </value>
            </param>
            <param index="26">
              <value>
                <![CDATA[Doctor]]>
              </value>
            </param>
            <param index="27">
              <value>
                <![CDATA[Signature Towers]]>
              </value>
            </param>
            <param index="28">
              <value>
                <![CDATA[Gurgaon]]>
              </value>
            </param>
            <param index="29">
              <value>
                <![CDATA[AZ]]>
              </value>
            </param>
            <param index="30">
              <value>
                <![CDATA[85258]]>
              </value>
            </param>
            <param index="31">
              <value>
                <![CDATA[Mobile]]>
              </value>
            </param>
            <param index="32">
              <value>
                <![CDATA[9876543210]]>
              </value>
            </param>
            <param index="33">
              <value>
                <![CDATA[Home]]>
              </value>
            </param>
            <param index="34">
              <value>
                <![CDATA[1234567894]]>
              </value>
            </param>
            <param index="35">
              <value>
                <![CDATA[One Time Payment]]>
              </value>
            </param>
            <param index="36">
              <value>
                <![CDATA[User]]>
              </value>
            </param>
            <param index="37">
              <value>
                <![CDATA[4111111111111111]]>
              </value>
            </param>
            <param index="38">
              <value>
                <![CDATA[123]]>
              </value>
            </param>
            <param index="39">
              <value>
                <![CDATA[1122]]>
              </value>
            </param>
            <param index="40">
              <value>
                <![CDATA[Derryn]]>
              </value>
            </param>
            <param index="41">
              <value>
                <![CDATA[Zwart]]>
              </value>
            </param>
            <param index="42">
              <value>
                <![CDATA[Bevis Marks]]>
              </value>
            </param>
            <param index="43">
              <value>
                <![CDATA[Boston]]>
              </value>
            </param>
            <param index="44">
              <value>
                <![CDATA[MA]]>
              </value>
            </param>
            <param index="45">
              <value>
                <![CDATA[23110]]>
              </value>
            </param>
            <param index="46">
              <value>
                <![CDATA[]]>
              </value>
            </param>
            <param index="47">
              <value>
                <![CDATA[]]>
              </value>
            </param>
            <param index="48">
              <value>
                <![CDATA[]]>
              </value>
            </param>
          </params>
          <exception class="org.testng.SkipException">
            <message>
              <![CDATA[DataToRun for row number 1 Is No Or Blank. So Skipping Its Execution.]]>
            </message>
            <full-stacktrace>
              <![CDATA[org.testng.SkipException: DataToRun for row number 1 Is No Or Blank. So Skipping Its Execution.
	at SuiteOne.TC004.SuiteOneCaseTwoTest(TC004.java:109)
	at sun.reflect.NativeMethodAccessorImpl.invoke0(Native Method)
	at sun.reflect.NativeMethodAccessorImpl.invoke(Unknown Source)
	at sun.reflect.DelegatingMethodAccessorImpl.invoke(Unknown Source)
	at java.lang.reflect.Method.invoke(Unknown Source)
	at org.testng.internal.MethodInvocationHelper.invokeMethod(MethodInvocationHelper.java:85)
	at org.testng.internal.Invoker.invokeMethod(Invoker.java:639)
	at org.testng.internal.Invoker.invokeTestMethod(Invoker.java:816)
	at org.testng.internal.Invoker.invokeTestMethods(Invoker.java:1124)
	at org.testng.internal.TestMethodWorker.invokeTestMethods(TestMethodWorker.java:125)
	at org.testng.internal.TestMethodWorker.run(TestMethodWorker.java:108)
	at org.testng.TestRunner.privateRun(TestRunner.java:774)
	at org.testng.TestRunner.run(TestRunner.java:624)
	at org.testng.SuiteRunner.runTest(SuiteRunner.java:359)
	at org.testng.SuiteRunner.runSequentially(SuiteRunner.java:354)
	at org.testng.SuiteRunner.privateRun(SuiteRunner.java:312)
	at org.testng.SuiteRunner.run(SuiteRunner.java:261)
	at org.testng.SuiteRunnerWorker.runSuite(SuiteRunnerWorker.java:52)
	at org.testng.SuiteRunnerWorker.run(SuiteRunnerWorker.java:86)
	at org.testng.TestNG.runSuitesSequentially(TestNG.java:1215)
	at org.testng.TestNG.runSuitesLocally(TestNG.java:1140)
	at org.testng.TestNG.run(TestNG.java:1048)
	at org.testng.remote.AbstractRemoteTestNG.run(AbstractRemoteTestNG.java:114)
	at org.testng.remote.RemoteTestNG.initAndRun(RemoteTestNG.java:251)
	at org.testng.remote.RemoteTestNG.main(RemoteTestNG.java:77)
]]>
            </full-stacktrace>
          </exception> <!-- org.testng.SkipException -->
          <reporter-output>
          </reporter-output>
        </test-method> <!-- SuiteOneCaseTwoTest -->
        <test-method status="PASS" signature="reporterDataResults()[pri:0, instance:SuiteOne.TC004@13deb50e]" name="reporterDataResults" is-config="true" duration-ms="333" started-at="2018-08-10T20:16:19Z" finished-at="2018-08-10T20:16:20Z">
          <reporter-output>
          </reporter-output>
        </test-method> <!-- reporterDataResults -->
        <test-method status="SKIP" signature="SuiteOneCaseTwoTest(java.lang.String, java.lang.String, java.lang.String, java.lang.String, java.lang.String, java.lang.String, java.lang.String, java.lang.String, java.lang.String, java.lang.String, java.lang.String, java.lang.String, java.lang.String, java.lang.String, java.lang.String, java.lang.String, java.lang.String, java.lang.String, java.lang.String, java.lang.String, java.lang.String, java.lang.String, java.lang.String, java.lang.String, java.lang.String, java.lang.String, java.lang.String, java.lang.String, java.lang.String, java.lang.String, java.lang.String, java.lang.String, java.lang.String, java.lang.String, java.lang.String, java.lang.String, java.lang.String, java.lang.String, java.lang.String, java.lang.String, java.lang.String, java.lang.String, java.lang.String, java.lang.String, java.lang.String, java.lang.String, java.lang.String, java.lang.String, java.lang.String)[pri:0, instance:SuiteOne.TC004@13deb50e]" name="SuiteOneCaseTwoTest" duration-ms="4" started-at="2018-08-10T20:16:20Z" data-provider="TestData" finished-at="2018-08-10T20:16:20Z">
          <params>
            <param index="0">
              <value>
                <![CDATA[durga@26july.com]]>
              </value>
            </param>
            <param index="1">
              <value>
                <![CDATA[durga123]]>
              </value>
            </param>
            <param index="2">
              <value>
                <![CDATA[hammersmith]]>
              </value>
            </param>
            <param index="3">
              <value>
                <![CDATA[Alabama]]>
              </value>
            </param>
            <param index="4">
              <value>
                <![CDATA[Optometry]]>
              </value>
            </param>
            <param index="5">
              <value>
                <![CDATA[Audiology Technician/Technologist]]>
              </value>
            </param>
            <param index="6">
              <value>
                <![CDATA[]]>
              </value>
            </param>
            <param index="7">
              <value>
                <![CDATA[]]>
              </value>
            </param>
            <param index="8">
              <value>
                <![CDATA[Self-Employed]]>
              </value>
            </param>
            <param index="9">
              <value>
                <![CDATA[No]]>
              </value>
            </param>
            <param index="10">
              <value>
                <![CDATA[Occurrence]]>
              </value>
            </param>
            <param index="11">
              <value>
                <![CDATA[43248]]>
              </value>
            </param>
            <param index="12">
              <value>
                <![CDATA[June]]>
              </value>
            </param>
            <param index="13">
              <value>
                <![CDATA[2019]]>
              </value>
            </param>
            <param index="14">
              <value>
                <![CDATA[Yes]]>
              </value>
            </param>
            <param index="15">
              <value>
                <![CDATA[June]]>
              </value>
            </param>
            <param index="16">
              <value>
                <![CDATA[2017]]>
              </value>
            </param>
            <param index="17">
              <value>
                <![CDATA[1]]>
              </value>
            </param>
            <param index="18">
              <value>
                <![CDATA[No]]>
              </value>
            </param>
            <param index="19">
              <value>
                <![CDATA[3]]>
              </value>
            </param>
            <param index="20">
              <value>
                <![CDATA[No]]>
              </value>
            </param>
            <param index="21">
              <value>
                <![CDATA[43248]]>
              </value>
            </param>
            <param index="22">
              <value>
                <![CDATA[Yes]]>
              </value>
            </param>
            <param index="23">
              <value>
                <![CDATA[Deepak]]>
              </value>
            </param>
            <param index="24">
              <value>
                <![CDATA[Sharma]]>
              </value>
            </param>
            <param index="25">
              <value>
                <![CDATA[test]]>
              </value>
            </param>
            <param index="26">
              <value>
                <![CDATA[Doctor]]>
              </value>
            </param>
            <param index="27">
              <value>
                <![CDATA[Signature Towers]]>
              </value>
            </param>
            <param index="28">
              <value>
                <![CDATA[Gurgaon]]>
              </value>
            </param>
            <param index="29">
              <value>
                <![CDATA[AZ]]>
              </value>
            </param>
            <param index="30">
              <value>
                <![CDATA[85258]]>
              </value>
            </param>
            <param index="31">
              <value>
                <![CDATA[Mobile]]>
              </value>
            </param>
            <param index="32">
              <value>
                <![CDATA[9876543210]]>
              </value>
            </param>
            <param index="33">
              <value>
                <![CDATA[Home]]>
              </value>
            </param>
            <param index="34">
              <value>
                <![CDATA[1234567894]]>
              </value>
            </param>
            <param index="35">
              <value>
                <![CDATA[One Time Payment]]>
              </value>
            </param>
            <param index="36">
              <value>
                <![CDATA[User]]>
              </value>
            </param>
            <param index="37">
              <value>
                <![CDATA[4111111111111111]]>
              </value>
            </param>
            <param index="38">
              <value>
                <![CDATA[123]]>
              </value>
            </param>
            <param index="39">
              <value>
                <![CDATA[1122]]>
              </value>
            </param>
            <param index="40">
              <value>
                <![CDATA[Derryn]]>
              </value>
            </param>
            <param index="41">
              <value>
                <![CDATA[Zwart]]>
              </value>
            </param>
            <param index="42">
              <value>
                <![CDATA[Bevis Marks]]>
              </value>
            </param>
            <param index="43">
              <value>
                <![CDATA[Boston]]>
              </value>
            </param>
            <param index="44">
              <value>
                <![CDATA[MA]]>
              </value>
            </param>
            <param index="45">
              <value>
                <![CDATA[23110]]>
              </value>
            </param>
            <param index="46">
              <value>
                <![CDATA[]]>
              </value>
            </param>
            <param index="47">
              <value>
                <![CDATA[]]>
              </value>
            </param>
            <param index="48">
              <value>
                <![CDATA[]]>
              </value>
            </param>
          </params>
          <exception class="org.testng.SkipException">
            <message>
              <![CDATA[DataToRun for row number 2 Is No Or Blank. So Skipping Its Execution.]]>
            </message>
            <full-stacktrace>
              <![CDATA[org.testng.SkipException: DataToRun for row number 2 Is No Or Blank. So Skipping Its Execution.
	at SuiteOne.TC004.SuiteOneCaseTwoTest(TC004.java:109)
	at sun.reflect.NativeMethodAccessorImpl.invoke0(Native Method)
	at sun.reflect.NativeMethodAccessorImpl.invoke(Unknown Source)
	at sun.reflect.DelegatingMethodAccessorImpl.invoke(Unknown Source)
	at java.lang.reflect.Method.invoke(Unknown Source)
	at org.testng.internal.MethodInvocationHelper.invokeMethod(MethodInvocationHelper.java:85)
	at org.testng.internal.Invoker.invokeMethod(Invoker.java:639)
	at org.testng.internal.Invoker.invokeTestMethod(Invoker.java:816)
	at org.testng.internal.Invoker.invokeTestMethods(Invoker.java:1124)
	at org.testng.internal.TestMethodWorker.invokeTestMethods(TestMethodWorker.java:125)
	at org.testng.internal.TestMethodWorker.run(TestMethodWorker.java:108)
	at org.testng.TestRunner.privateRun(TestRunner.java:774)
	at org.testng.TestRunner.run(TestRunner.java:624)
	at org.testng.SuiteRunner.runTest(SuiteRunner.java:359)
	at org.testng.SuiteRunner.runSequentially(SuiteRunner.java:354)
	at org.testng.SuiteRunner.privateRun(SuiteRunner.java:312)
	at org.testng.SuiteRunner.run(SuiteRunner.java:261)
	at org.testng.SuiteRunnerWorker.runSuite(SuiteRunnerWorker.java:52)
	at org.testng.SuiteRunnerWorker.run(SuiteRunnerWorker.java:86)
	at org.testng.TestNG.runSuitesSequentially(TestNG.java:1215)
	at org.testng.TestNG.runSuitesLocally(TestNG.java:1140)
	at org.testng.TestNG.run(TestNG.java:1048)
	at org.testng.remote.AbstractRemoteTestNG.run(AbstractRemoteTestNG.java:114)
	at org.testng.remote.RemoteTestNG.initAndRun(RemoteTestNG.java:251)
	at org.testng.remote.RemoteTestNG.main(RemoteTestNG.java:77)
]]>
            </full-stacktrace>
          </exception> <!-- org.testng.SkipException -->
          <reporter-output>
          </reporter-output>
        </test-method> <!-- SuiteOneCaseTwoTest -->
        <test-method status="PASS" signature="reporterDataResults()[pri:0, instance:SuiteOne.TC004@13deb50e]" name="reporterDataResults" is-config="true" duration-ms="344" started-at="2018-08-10T20:16:20Z" finished-at="2018-08-10T20:16:20Z">
          <reporter-output>
          </reporter-output>
        </test-method> <!-- reporterDataResults -->
        <test-method status="PASS" signature="closeBrowser()[pri:0, instance:SuiteOne.TC004@13deb50e]" name="closeBrowser" is-config="true" duration-ms="341" started-at="2018-08-10T20:16:20Z" finished-at="2018-08-10T20:16:20Z">
          <reporter-output>
          </reporter-output>
        </test-method> <!-- closeBrowser -->
      </class> <!-- SuiteOne.TC004 -->
    </test> <!-- Default test -->
  </suite> <!-- Default suite -->
</testng-results>
